<?xml version="1.0" encoding="UTF-8"?>
<!-- Generated by org.testng.reporters.JUnitReportReporter -->
<testsuite hostname="Panchhi" name="com.w2a.TestCases.LoginTest" tests="1" failures="0" timestamp="29 Jul 2019 16:22:04 GMT" time="9.441" errors="0">
  <testcase name="loginAsBankManager" time="9.441" classname="com.w2a.TestCases.LoginTest"/>
</testsuite> <!-- com.w2a.TestCases.LoginTest -->
