<?xml version="1.0" encoding="UTF-8"?>
<!-- Generated by org.testng.reporters.JUnitReportReporter -->
<testsuite hostname="Panchhi" name="com.w2a.TestCases.AddCustomerTest" tests="5" failures="0" timestamp="16 Aug 2019 13:53:39 GMT" time="34.406" errors="0">
  <testcase name="addNewCustomer" time="8.464" classname="com.w2a.TestCases.AddCustomerTest"/>
  <testcase name="addNewCustomer" time="8.242" classname="com.w2a.TestCases.AddCustomerTest"/>
  <testcase name="addNewCustomer" time="8.511" classname="com.w2a.TestCases.AddCustomerTest"/>
  <testcase name="browserSetUp" time="0.003" classname="com.w2a.TestCases.AddCustomerTest"/>
  <testcase name="addNewCustomer" time="9.186" classname="com.w2a.TestCases.AddCustomerTest"/>
</testsuite> <!-- com.w2a.TestCases.AddCustomerTest -->
