<?xml version="1.0" encoding="UTF-8"?>
<!-- Generated by org.testng.reporters.JUnitReportReporter -->
<testsuite hostname="Panchhi" name="com.w2a.TestCases.BankManagerLogin" tests="2" failures="0" timestamp="16 Aug 2019 13:53:39 GMT" time="3.347" errors="0">
  <testcase name="browserSetUp" time="0.003" classname="com.w2a.TestCases.BankManagerLogin"/>
  <testcase name="loginAsBankManager" time="3.344" classname="com.w2a.TestCases.BankManagerLogin"/>
</testsuite> <!-- com.w2a.TestCases.BankManagerLogin -->
