<?xml version="1.0" encoding="UTF-8"?>
<!-- Generated by org.testng.reporters.JUnitReportReporter -->
<testsuite hostname="Panchhi" name="com.w2a.base.TestBase" tests="1" failures="0" timestamp="16 Aug 2019 13:53:39 GMT" time="14.136" errors="0">
  <testcase name="browserSetUp" time="14.136" classname="com.w2a.base.TestBase"/>
</testsuite> <!-- com.w2a.base.TestBase -->
